<?xml version="1.0" encoding="UTF-8"?>
<testng-results ignored="0" total="2" passed="2" failed="0" skipped="0">
  <reporter-output>
  </reporter-output>
  <suite started-at="2025-02-23T11:13:28 IST" name="FreeCRMBDDSuite" finished-at="2025-02-23T11:14:00 IST" duration-ms="32096">
    <groups>
      <group name="cucumber">
        <method signature="AbstractTestNGCucumberTests.runScenario(io.cucumber.testng.PickleWrapper,io.cucumber.testng.FeatureWrapper)[pri:0, instance:Runner.TestRunner@55c53a33]" name="runScenario" class="io.cucumber.testng.AbstractTestNGCucumberTests"/>
      </group> <!-- cucumber -->
    </groups>
    <test started-at="2025-02-23T11:13:28 IST" name="Test" finished-at="2025-02-23T11:14:00 IST" duration-ms="32096">
      <class name="Runner.TestRunner">
        <test-method is-config="true" signature="setUpClass(org.testng.ITestContext)[pri:0, instance:Runner.TestRunner@55c53a33]" started-at="2025-02-23T11:13:28 IST" name="setUpClass" finished-at="2025-02-23T11:13:29 IST" duration-ms="555" status="PASS">
          <params>
            <param index="0">
              <value>
                <![CDATA[org.testng.TestRunner@4bd51d3e]]>
              </value>
            </param>
          </params>
          <reporter-output>
          </reporter-output>
        </test-method> <!-- setUpClass -->
        <test-method signature="runScenario(io.cucumber.testng.PickleWrapper,io.cucumber.testng.FeatureWrapper)[pri:0, instance:Runner.TestRunner@55c53a33]" started-at="2025-02-23T11:13:29 IST" name="runScenario" description="Runs Cucumber Scenarios" data-provider="scenarios" finished-at="2025-02-23T11:13:41 IST" duration-ms="12311" status="PASS">
          <params>
            <param index="0">
              <value>
                <![CDATA["Free CRM Login test"]]>
              </value>
            </param>
            <param index="1">
              <value>
                <![CDATA["Free CRM login Feature"]]>
              </value>
            </param>
          </params>
          <reporter-output>
          </reporter-output>
        </test-method> <!-- runScenario -->
        <test-method signature="runScenario(io.cucumber.testng.PickleWrapper,io.cucumber.testng.FeatureWrapper)[pri:0, instance:Runner.TestRunner@55c53a33]" started-at="2025-02-23T11:13:41 IST" name="runScenario" description="Runs Cucumber Scenarios" data-provider="scenarios" finished-at="2025-02-23T11:14:00 IST" duration-ms="19141" status="PASS">
          <params>
            <param index="0">
              <value>
                <![CDATA["Check hotels list"]]>
              </value>
            </param>
            <param index="1">
              <value>
                <![CDATA["Free CRM login Feature"]]>
              </value>
            </param>
          </params>
          <reporter-output>
          </reporter-output>
        </test-method> <!-- runScenario -->
        <test-method is-config="true" signature="tearDownClass()[pri:0, instance:Runner.TestRunner@55c53a33]" started-at="2025-02-23T11:14:00 IST" name="tearDownClass" finished-at="2025-02-23T11:14:00 IST" duration-ms="44" status="PASS">
          <reporter-output>
          </reporter-output>
        </test-method> <!-- tearDownClass -->
      </class> <!-- Runner.TestRunner -->
    </test> <!-- Test -->
  </suite> <!-- FreeCRMBDDSuite -->
</testng-results>
