<?xml version="1.0" encoding="UTF-8"?>
<testng-results ignored="0" total="2" passed="2" failed="0" skipped="0">
  <reporter-output>
  </reporter-output>
  <suite started-at="2025-02-14T17:42:31 IST" name="Default suite" finished-at="2025-02-14T17:43:06 IST" duration-ms="35717">
    <groups>
      <group name="cucumber">
        <method signature="AbstractTestNGCucumberTests.runScenario(io.cucumber.testng.PickleWrapper,io.cucumber.testng.FeatureWrapper)[pri:0, instance:Runner.TestRunner@5c671d7f]" name="runScenario" class="io.cucumber.testng.AbstractTestNGCucumberTests"/>
      </group> <!-- cucumber -->
    </groups>
    <test started-at="2025-02-14T17:42:31 IST" name="Default test" finished-at="2025-02-14T17:43:06 IST" duration-ms="35717">
      <class name="Runner.TestRunner">
        <test-method is-config="true" signature="setUpClass(org.testng.ITestContext)[pri:0, instance:Runner.TestRunner@5c671d7f]" started-at="2025-02-14T17:42:31 IST" name="setUpClass" finished-at="2025-02-14T17:42:32 IST" duration-ms="742" status="PASS">
          <params>
            <param index="0">
              <value>
                <![CDATA[org.testng.TestRunner@2418ba04]]>
              </value>
            </param>
          </params>
          <reporter-output>
          </reporter-output>
        </test-method> <!-- setUpClass -->
        <test-method signature="runScenario(io.cucumber.testng.PickleWrapper,io.cucumber.testng.FeatureWrapper)[pri:0, instance:Runner.TestRunner@5c671d7f]" started-at="2025-02-14T17:42:32 IST" name="runScenario" description="Runs Cucumber Scenarios" data-provider="scenarios" finished-at="2025-02-14T17:42:46 IST" duration-ms="14426" status="PASS">
          <params>
            <param index="0">
              <value>
                <![CDATA["Free CRM Login test"]]>
              </value>
            </param>
            <param index="1">
              <value>
                <![CDATA["Free CRM login Feature"]]>
              </value>
            </param>
          </params>
          <reporter-output>
          </reporter-output>
        </test-method> <!-- runScenario -->
        <test-method signature="runScenario(io.cucumber.testng.PickleWrapper,io.cucumber.testng.FeatureWrapper)[pri:0, instance:Runner.TestRunner@5c671d7f]" started-at="2025-02-14T17:42:46 IST" name="runScenario" description="Runs Cucumber Scenarios" data-provider="scenarios" finished-at="2025-02-14T17:43:06 IST" duration-ms="20465" status="PASS">
          <params>
            <param index="0">
              <value>
                <![CDATA["Check hotels list"]]>
              </value>
            </param>
            <param index="1">
              <value>
                <![CDATA["Free CRM login Feature"]]>
              </value>
            </param>
          </params>
          <reporter-output>
          </reporter-output>
        </test-method> <!-- runScenario -->
        <test-method is-config="true" signature="tearDownClass()[pri:0, instance:Runner.TestRunner@5c671d7f]" started-at="2025-02-14T17:43:06 IST" name="tearDownClass" finished-at="2025-02-14T17:43:06 IST" duration-ms="26" status="PASS">
          <reporter-output>
          </reporter-output>
        </test-method> <!-- tearDownClass -->
      </class> <!-- Runner.TestRunner -->
    </test> <!-- Default test -->
  </suite> <!-- Default suite -->
</testng-results>
