<?xml version="1.0" encoding="UTF-8"?>
<testsuite xmlns:xsi="http://www.w3.org/2001/XMLSchema-instance" xsi:noNamespaceSchemaLocation="https://maven.apache.org/surefire/maven-surefire-plugin/xsd/surefire-test-report.xsd" version="3.0.2" name="Runner.TestRunner" time="27.289" tests="2" errors="0" skipped="0" failures="0">
  <properties>
[...]
</properties>
  <testcase name="runScenario[&quot;Free CRM Login test&quot;, &quot;Free CRM login Feature&quot;](1)" classname="Runner.TestRunner" time="10.718">
    <system-out><![CDATA[
Scenario Outline: Free CRM Login test         &amp#27;[90m# src/test/resources/features/login.feature:15&amp#27;[0m
Open url successfully
  &amp#27;[32mGiven &amp#27;[0m&amp#27;[32muser is on login page&amp#27;[0m                 &amp#27;[90m# stepDefinitions.LoginStepDefinition.user_is_on_login_page()&amp#27;[0m
SpiceJet - Flight Booking for Domestic and International, Cheap Air Tickets
Title validated correctly
  &amp#27;[32mWhen &amp#27;[0m&amp#27;[32mtilte is name of web&amp#27;[0m                   &amp#27;[90m# stepDefinitions.LoginStepDefinition.tilte_is_name_of_web()&amp#27;[0m
  &amp#27;[32mThen &amp#27;[0m&amp#27;[32muser add &amp#27;[0m&amp#27;[32m&amp#27;[1m"<9970264720>"&amp#27;[0m&amp#27;[32m and &amp#27;[0m&amp#27;[32m&amp#27;[1m"Saga@123"&amp#27;[0m &amp#27;[90m# stepDefinitions.LoginStepDefinition.user_add_and(java.lang.String,java.lang.String)&amp#27;[0m
  &amp#27;[32mThen &amp#27;[0m&amp#27;[32muser click on login button&amp#27;[0m             &amp#27;[90m# stepDefinitions.LoginStepDefinition.user_click_on_login_button()&amp#27;[0m
false
  &amp#27;[32mWhen &amp#27;[0m&amp#27;[32muser validate homePage&amp#27;[0m                 &amp#27;[90m# stepDefinitions.LoginStepDefinition.user_validate_homePage()&amp#27;[0m
  &amp#27;[32mAnd &amp#27;[0m&amp#27;[32mclose the browser&amp#27;[0m                       &amp#27;[90m# stepDefinitions.LoginStepDefinition.close_the_browser()&amp#27;[0m
]]></system-out>
    <system-err><![CDATA[SLF4J: Failed to load class "org.slf4j.impl.StaticLoggerBinder".
SLF4J: Defaulting to no-operation (NOP) logger implementation
SLF4J: See http://www.slf4j.org/codes.html#StaticLoggerBinder for further details.
]]></system-err>
  </testcase>
  <testcase name="runScenario[&quot;Check hotels list&quot;, &quot;Free CRM login Feature&quot;](2)" classname="Runner.TestRunner" time="15.38">
    <system-out><![CDATA[
Scenario: Check hotels list                   &amp#27;[90m# src/test/resources/features/login.feature:17&amp#27;[0m
Open url successfully
  &amp#27;[32mGiven &amp#27;[0m&amp#27;[32muser is on login page&amp#27;[0m                 &amp#27;[90m# stepDefinitions.LoginStepDefinition.user_is_on_login_page()&amp#27;[0m
SpiceJet - Flight Booking for Domestic and International, Cheap Air Tickets
Title validated correctly
  &amp#27;[32mWhen &amp#27;[0m&amp#27;[32mtilte is name of web&amp#27;[0m                   &amp#27;[90m# stepDefinitions.LoginStepDefinition.tilte_is_name_of_web()&amp#27;[0m
  &amp#27;[32mThen &amp#27;[0m&amp#27;[32muser add &amp#27;[0m&amp#27;[32m&amp#27;[1m"<9970264720>"&amp#27;[0m&amp#27;[32m and &amp#27;[0m&amp#27;[32m&amp#27;[1m"Saga@123"&amp#27;[0m &amp#27;[90m# stepDefinitions.LoginStepDefinition.user_add_and(java.lang.String,java.lang.String)&amp#27;[0m
  &amp#27;[32mThen &amp#27;[0m&amp#27;[32muser click on login button&amp#27;[0m             &amp#27;[90m# stepDefinitions.LoginStepDefinition.user_click_on_login_button()&amp#27;[0m
  &amp#27;[32mGiven &amp#27;[0m&amp#27;[32muser click on hotel tab&amp#27;[0m               &amp#27;[90m# stepDefinitions.LoginStepDefinition.user_click_on_hotel_tab()&amp#27;[0m
  &amp#27;[32mWhen &amp#27;[0m&amp#27;[32mHotel page opens add city name&amp#27;[0m         &amp#27;[90m# stepDefinitions.LoginStepDefinition.hotel_page_opens_add_city_name()&amp#27;[0m
  &amp#27;[32mThen &amp#27;[0m&amp#27;[32mclick on search button&amp#27;[0m                 &amp#27;[90m# stepDefinitions.LoginStepDefinition.click_on_search_button()&amp#27;[0m
  &amp#27;[32mAnd &amp#27;[0m&amp#27;[32mclose web&amp#27;[0m                               &amp#27;[90m# stepDefinitions.LoginStepDefinition.close_web()&amp#27;[0m
]]></system-out>
  </testcase>
</testsuite>